<?xml version="1.0" encoding="UTF-8"?>
<!-- Generated by org.testng.reporters.JUnitReportReporter -->
<testsuite hostname="LAPTOP-9T2G5T7C" failures="0" tests="3" name="com.DLGTestCase.DLGTestCase" time="7.693" errors="0" timestamp="2021-07-11T20:10:55 BST" skipped="0">
  <testcase classname="com.DLGTestCase.DLGTestCase" name="navigateQALoginPage" time="0.085"/>
  <system-out/>
  <testcase classname="com.DLGTestCase.DLGTestCase" name="launchBrowser" time="7.193"/>
  <system-out/>
  <testcase classname="com.DLGTestCase.DLGTestCase" name="loginWithUsernamePasword" time="0.415"/>
  <system-out/>
</testsuite> <!-- com.DLGTestCase.DLGTestCase -->
